-------------------------------------------------------------------------------
Test set: com.heima.article.test.ApApArticleDtoTest
-------------------------------------------------------------------------------
Tests run: 1, Failures: 0, Errors: 1, Skipped: 0, Time elapsed: 5.221 s <<< FAILURE! - in com.heima.article.test.ApApArticleDtoTest
test01  Time elapsed: 0.004 s  <<< ERROR!
java.lang.IllegalStateException: Failed to load ApplicationContext
Caused by: org.springframework.beans.factory.BeanCreationException: Error creating bean with name 'xxlJobConfig': Injection of autowired dependencies failed; nested exception is java.lang.IllegalArgumentException: Could not resolve placeholder 'xxl.job.admin.addresses' in value "${xxl.job.admin.addresses}"
Caused by: java.lang.IllegalArgumentException: Could not resolve placeholder 'xxl.job.admin.addresses' in value "${xxl.job.admin.addresses}"

